==== Cycle 1 ====

The method '[Method] com.google.common.collect.ImmutableList<android.os.Bundle> getList(android.os.IBinder binder)' was removed because the Java return type 'com.google.common.collect.ImmutableList<android.os.Bundle>' could not be found.
The field 'Java.Interop.Tools.JavaTypeSystem.Models.JavaFieldModel' was removed because the Java field type 'com.google.common.collect.ImmutableList<java.lang.Integer>' could not be found.
The field 'Java.Interop.Tools.JavaTypeSystem.Models.JavaFieldModel' was removed because the Java field type 'com.google.common.collect.ImmutableMap<java.lang.String, java.lang.String>' could not be found.
The field 'Java.Interop.Tools.JavaTypeSystem.Models.JavaFieldModel' was removed because the Java field type 'com.google.common.collect.ImmutableMap<java.lang.String, java.lang.String>' could not be found.
The field 'Java.Interop.Tools.JavaTypeSystem.Models.JavaFieldModel' was removed because the Java field type 'com.google.common.collect.ImmutableList<java.lang.Integer>' could not be found.
The field 'Java.Interop.Tools.JavaTypeSystem.Models.JavaFieldModel' was removed because the Java field type 'com.google.common.collect.ImmutableList<com.appsamurai.storyly.exoplayer2.common.MediaItem.SubtitleConfiguration>' could not be found.
The constructor 'Constructor: com.appsamurai.storyly.exoplayer2.common.Timeline.RemotableTimeline.Timeline.RemotableTimeline' was removed because the Java parameter type 'com.google.common.collect.ImmutableList' could not be found.
The constructor 'Constructor: com.appsamurai.storyly.exoplayer2.common.Timeline.RemotableTimeline.Timeline.RemotableTimeline' was removed because the Java parameter type 'com.google.common.collect.ImmutableList' could not be found.
The method '[Method] com.google.common.collect.ImmutableList<com.appsamurai.storyly.exoplayer2.common.Tracks.Group> getGroups()' was removed because the Java return type 'com.google.common.collect.ImmutableList<com.appsamurai.storyly.exoplayer2.common.Tracks.Group>' could not be found.
The field 'Java.Interop.Tools.JavaTypeSystem.Models.JavaFieldModel' was removed because the Java field type 'com.google.common.collect.ImmutableList<com.appsamurai.storyly.exoplayer2.common.text.Cue>' could not be found.
The field 'Java.Interop.Tools.JavaTypeSystem.Models.JavaFieldModel' was removed because the Java field type 'com.google.common.collect.ImmutableList<java.lang.Integer>' could not be found.
The field 'Java.Interop.Tools.JavaTypeSystem.Models.JavaFieldModel' was removed because the Java field type 'com.google.common.collect.ImmutableSet<java.lang.Integer>' could not be found.
The field 'Java.Interop.Tools.JavaTypeSystem.Models.JavaFieldModel' was removed because the Java field type 'com.google.common.collect.ImmutableMap<com.appsamurai.storyly.exoplayer2.common.source.TrackGroup, com.appsamurai.storyly.exoplayer2.common.trackselection.TrackSelectionOverride>' could not be found.
The field 'Java.Interop.Tools.JavaTypeSystem.Models.JavaFieldModel' was removed because the Java field type 'com.google.common.collect.ImmutableList<java.lang.String>' could not be found.
The field 'Java.Interop.Tools.JavaTypeSystem.Models.JavaFieldModel' was removed because the Java field type 'com.google.common.collect.ImmutableList<java.lang.String>' could not be found.
The field 'Java.Interop.Tools.JavaTypeSystem.Models.JavaFieldModel' was removed because the Java field type 'com.google.common.collect.ImmutableList<java.lang.String>' could not be found.
The field 'Java.Interop.Tools.JavaTypeSystem.Models.JavaFieldModel' was removed because the Java field type 'com.google.common.collect.ImmutableList<java.lang.String>' could not be found.
The method '[Method] com.google.common.collect.ImmutableList<T> fromBundleList<T>(com.appsamurai.storyly.exoplayer2.common.Bundleable.Creator<T> creator, java.util.List<android.os.Bundle> bundleList)' was removed because the Java return type 'com.google.common.collect.ImmutableList<T>' could not be found.
The method '[Method] com.google.common.collect.ImmutableList<android.os.Bundle> toBundleList<T>(java.util.List<T> bundleableList)' was removed because the Java return type 'com.google.common.collect.ImmutableList<android.os.Bundle>' could not be found.
The constructor 'Constructor: com.appsamurai.storyly.exoplayer2.core.analytics.DefaultPlaybackSessionManager.DefaultPlaybackSessionManager' was removed because the Java parameter type 'com.google.common.base.Supplier' could not be found.
The field 'Java.Interop.Tools.JavaTypeSystem.Models.JavaFieldModel' was removed because the Java field type 'com.google.common.base.Supplier<java.lang.String>' could not be found.
The method '[Method] void setAdPlaybackStates(com.google.common.collect.ImmutableMap<java.lang.Object, com.appsamurai.storyly.exoplayer2.common.source.ads.AdPlaybackState> adPlaybackStates)' was removed because the Java parameter type 'com.google.common.collect.ImmutableMap' could not be found.
The constructor 'Constructor: com.appsamurai.storyly.exoplayer2.core.source.ads.ServerSideAdInsertionMediaSource.ServerSideAdInsertionTimeline.ServerSideAdInsertionMediaSource.ServerSideAdInsertionTimeline' was removed because the Java parameter type 'com.google.common.collect.ImmutableMap' could not be found.
The constructor 'Constructor: com.appsamurai.storyly.exoplayer2.core.text.ExoplayerCuesDecoder.SingleEventSubtitle.ExoplayerCuesDecoder.SingleEventSubtitle' was removed because the Java parameter type 'com.google.common.collect.ImmutableList' could not be found.
The method '[Method] com.appsamurai.storyly.exoplayer2.core.trackselection.AdaptiveTrackSelection createAdaptiveTrackSelection(com.appsamurai.storyly.exoplayer2.common.source.TrackGroup group, int[] tracks, int type, com.appsamurai.storyly.exoplayer2.core.upstream.BandwidthMeter bandwidthMeter, com.google.common.collect.ImmutableList<com.appsamurai.storyly.exoplayer2.core.trackselection.AdaptiveTrackSelection.AdaptationCheckpoint> adaptationCheckpoints)' was removed because the Java parameter type 'com.google.common.collect.ImmutableList' could not be found.
The constructor 'Constructor: com.appsamurai.storyly.exoplayer2.core.trackselection.DefaultTrackSelector.AudioTrackInfo.DefaultTrackSelector.AudioTrackInfo' was removed because the Java parameter type 'com.google.common.base.Predicate' could not be found.
The method '[Method] com.google.common.collect.ImmutableList<com.appsamurai.storyly.exoplayer2.core.trackselection.DefaultTrackSelector.AudioTrackInfo> createForTrackGroup(int rendererIndex, com.appsamurai.storyly.exoplayer2.common.source.TrackGroup trackGroup, com.appsamurai.storyly.exoplayer2.core.trackselection.DefaultTrackSelector.Parameters params, int[] formatSupport, boolean hasMappedVideoTracks, com.google.common.base.Predicate<com.appsamurai.storyly.exoplayer2.common.Format> withinAudioChannelCountConstraints)' was removed because the Java return type 'com.google.common.collect.ImmutableList<com.appsamurai.storyly.exoplayer2.core.trackselection.DefaultTrackSelector.AudioTrackInfo>' could not be found.
The method '[Method] com.google.common.collect.ImmutableList<com.appsamurai.storyly.exoplayer2.core.trackselection.DefaultTrackSelector.TextTrackInfo> createForTrackGroup(int rendererIndex, com.appsamurai.storyly.exoplayer2.common.source.TrackGroup trackGroup, com.appsamurai.storyly.exoplayer2.core.trackselection.DefaultTrackSelector.Parameters params, int[] formatSupport, java.lang.String selectedAudioLanguage)' was removed because the Java return type 'com.google.common.collect.ImmutableList<com.appsamurai.storyly.exoplayer2.core.trackselection.DefaultTrackSelector.TextTrackInfo>' could not be found.
The method '[Method] com.google.common.collect.ImmutableList<com.appsamurai.storyly.exoplayer2.core.trackselection.DefaultTrackSelector.VideoTrackInfo> createForTrackGroup(int rendererIndex, com.appsamurai.storyly.exoplayer2.common.source.TrackGroup trackGroup, com.appsamurai.storyly.exoplayer2.core.trackselection.DefaultTrackSelector.Parameters params, int[] formatSupport, int mixedMimeTypeAdaptionSupport)' was removed because the Java return type 'com.google.common.collect.ImmutableList<com.appsamurai.storyly.exoplayer2.core.trackselection.DefaultTrackSelector.VideoTrackInfo>' could not be found.
The field 'Java.Interop.Tools.JavaTypeSystem.Models.JavaFieldModel' was removed because the Java field type 'com.google.common.collect.ImmutableList<java.lang.Long>' could not be found.
The field 'Java.Interop.Tools.JavaTypeSystem.Models.JavaFieldModel' was removed because the Java field type 'com.google.common.collect.ImmutableList<java.lang.Long>' could not be found.
The field 'Java.Interop.Tools.JavaTypeSystem.Models.JavaFieldModel' was removed because the Java field type 'com.google.common.collect.ImmutableList<java.lang.Long>' could not be found.
The field 'Java.Interop.Tools.JavaTypeSystem.Models.JavaFieldModel' was removed because the Java field type 'com.google.common.collect.ImmutableList<java.lang.Long>' could not be found.
The field 'Java.Interop.Tools.JavaTypeSystem.Models.JavaFieldModel' was removed because the Java field type 'com.google.common.collect.ImmutableList<java.lang.Long>' could not be found.
The field 'Java.Interop.Tools.JavaTypeSystem.Models.JavaFieldModel' was removed because the Java field type 'com.google.common.collect.ImmutableList<java.lang.Long>' could not be found.
The method '[Method] void setContentTypePredicate(com.google.common.base.Predicate<java.lang.String> contentTypePredicate)' was removed because the Java parameter type 'com.google.common.base.Predicate' could not be found.
The method '[Method] com.appsamurai.storyly.exoplayer2.datasource.upstream.DefaultHttpDataSource.Factory setContentTypePredicate(com.google.common.base.Predicate<java.lang.String> contentTypePredicate)' was removed because the Java parameter type 'com.google.common.base.Predicate' could not be found.
The class '[Class] com.appsamurai.storyly.exoplayer2.datasource.upstream.DefaultHttpDataSource.NullFilteringHeadersMap' was removed because the Java base type 'com.google.common.collect.ForwardingMap<java.lang.String, java.util.List<java.lang.String>>' could not be found.
The field 'Java.Interop.Tools.JavaTypeSystem.Models.JavaFieldModel' was removed because the Java field type 'com.google.common.base.Predicate<java.lang.String>' could not be found.
The field 'Java.Interop.Tools.JavaTypeSystem.Models.JavaFieldModel' was removed because the Java field type 'com.google.common.collect.ImmutableList<com.appsamurai.storyly.exoplayer2.extractor.extractor.avi.AviChunk>' could not be found.
The method '[Method] java.util.List<com.appsamurai.storyly.exoplayer2.extractor.extractor.mp4.TrackSampleTable> parseTraks(com.appsamurai.storyly.exoplayer2.extractor.extractor.mp4.Atom.ContainerAtom moov, com.appsamurai.storyly.exoplayer2.extractor.extractor.GaplessInfoHolder gaplessInfoHolder, long duration, com.appsamurai.storyly.exoplayer2.common.drm.DrmInitData drmInitData, boolean ignoreEditLists, boolean isQuickTime, com.google.common.base.Function<com.appsamurai.storyly.exoplayer2.extractor.extractor.mp4.Track, com.appsamurai.storyly.exoplayer2.extractor.extractor.mp4.Track> modifyTrackFunction)' was removed because the Java parameter type 'com.google.common.base.Function' could not be found.
The method '[Method] com.google.common.collect.ImmutableList<com.appsamurai.storyly.exoplayer2.common.text.Cue> decode(byte[] bytes)' was removed because the Java return type 'com.google.common.collect.ImmutableList<com.appsamurai.storyly.exoplayer2.common.text.Cue>' could not be found.
The method '[Method] void init(com.appsamurai.storyly.exoplayer2.hls.HlsSampleStreamWrapper output, com.google.common.collect.ImmutableList<java.lang.Integer> sampleQueueWriteIndices)' was removed because the Java parameter type 'com.google.common.collect.ImmutableList' could not be found.
The constructor 'Constructor: com.appsamurai.storyly.exoplayer2.hls.MediaParserHlsMediaChunkExtractor.MediaParserHlsMediaChunkExtractor' was removed because the Java parameter type 'com.google.common.collect.ImmutableList' could not be found.

